<?xml version="1.0" encoding="UTF-8"?>
<!-- Generated by org.testng.reporters.JUnitXMLReporter -->
<testsuite ignored="0" hostname="Milans-MBP.ht.home" failures="3" tests="4" name="OpenCartTest3" time="47.492" errors="0" timestamp="2022-03-21T13:40:40 EDT">
  <testcase classname="day38.openCartDemo" name="Login" time="1.005"/>
  <testcase classname="day38.openCartDemo" name="Login" time="0.666">
    <failure type="java.lang.AssertionError" message="title are not match expected [My Account] but found [Account Login]">
      <![CDATA[java.lang.AssertionError: title are not match expected [My Account] but found [Account Login]
at day38.openCartDemo.Login(openCartDemo.java:66)
at java.base/java.util.ArrayList.forEach(ArrayList.java:1511)
at java.base/java.util.concurrent.FutureTask.run(FutureTask.java:264)
at java.base/java.util.concurrent.ThreadPoolExecutor.runWorker(ThreadPoolExecutor.java:1136)
at java.base/java.util.concurrent.ThreadPoolExecutor$Worker.run(ThreadPoolExecutor.java:635)
at java.base/java.lang.Thread.run(Thread.java:833)
... Removed 23 stack frames]]>
    </failure>
  </testcase> <!-- Login -->
  <testcase classname="day38.openCartDemo" name="Login" time="0.714">
    <failure type="java.lang.AssertionError" message="title are not match expected [My Account] but found [Account Login]">
      <![CDATA[java.lang.AssertionError: title are not match expected [My Account] but found [Account Login]
at day38.openCartDemo.Login(openCartDemo.java:66)
at java.base/java.util.ArrayList.forEach(ArrayList.java:1511)
at java.base/java.util.concurrent.FutureTask.run(FutureTask.java:264)
at java.base/java.util.concurrent.ThreadPoolExecutor.runWorker(ThreadPoolExecutor.java:1136)
at java.base/java.util.concurrent.ThreadPoolExecutor$Worker.run(ThreadPoolExecutor.java:635)
at java.base/java.lang.Thread.run(Thread.java:833)
... Removed 23 stack frames]]>
    </failure>
  </testcase> <!-- Login -->
  <testcase classname="day38.openCartDemo" name="Login" time="0.691">
    <failure type="java.lang.AssertionError" message="title are not match expected [My Account] but found [Account Login]">
      <![CDATA[java.lang.AssertionError: title are not match expected [My Account] but found [Account Login]
at day38.openCartDemo.Login(openCartDemo.java:66)
at java.base/java.util.ArrayList.forEach(ArrayList.java:1511)
at java.base/java.util.concurrent.FutureTask.run(FutureTask.java:264)
at java.base/java.util.concurrent.ThreadPoolExecutor.runWorker(ThreadPoolExecutor.java:1136)
at java.base/java.util.concurrent.ThreadPoolExecutor$Worker.run(ThreadPoolExecutor.java:635)
at java.base/java.lang.Thread.run(Thread.java:833)
... Removed 23 stack frames]]>
    </failure>
  </testcase> <!-- Login -->
</testsuite> <!-- OpenCartTest3 -->
