<?xml version="1.0" encoding="UTF-8"?>
<!-- Generated by org.testng.reporters.JUnitXMLReporter -->
<testsuite ignored="0" hostname="Milans-MBP.ht.home" failures="3" tests="4" name="OpenCartTest1" time="37.813" errors="0" timestamp="2022-03-21T13:40:31 EDT">
  <testcase classname="day38.openCartDemo" name="@BeforeMethod setup" time="0.036">
    <failure type="java.lang.IllegalStateException" message="The driver executable must exist: /Users/milanpatel9509gmail.com/Downloads/driver/msdriver">
      <![CDATA[java.lang.IllegalStateException: The driver executable must exist: /Users/milanpatel9509gmail.com/Downloads/driver/msdriver
at org.openqa.selenium.internal.Require$FileStateChecker.isFile(Require.java:315)
at org.openqa.selenium.remote.service.DriverService.checkExecutable(DriverService.java:144)
at org.openqa.selenium.remote.service.DriverService.findExecutable(DriverService.java:139)
at org.openqa.selenium.edge.EdgeDriverService.access$000(EdgeDriverService.java:40)
at org.openqa.selenium.edge.EdgeDriverService$Builder.findDefaultExecutable(EdgeDriverService.java:171)
at org.openqa.selenium.remote.service.DriverService$Builder.build(DriverService.java:434)
at org.openqa.selenium.edge.EdgeDriver.<init>(EdgeDriver.java:41)
at org.openqa.selenium.edge.EdgeDriver.<init>(EdgeDriver.java:38)
at day38.openCartDemo.setup(openCartDemo.java:35)
at java.base/java.util.ArrayList.forEach(ArrayList.java:1511)
at java.base/java.util.concurrent.FutureTask.run(FutureTask.java:264)
at java.base/java.util.concurrent.ThreadPoolExecutor.runWorker(ThreadPoolExecutor.java:1136)
at java.base/java.util.concurrent.ThreadPoolExecutor$Worker.run(ThreadPoolExecutor.java:635)
at java.base/java.lang.Thread.run(Thread.java:833)
... Removed 22 stack frames]]>
    </failure>
  </testcase> <!-- @BeforeMethod setup -->
  <testcase classname="day38.openCartDemo" name="@AfterMethod tearDown" time="-1.647884393371E9">
    <skipped/>
  </testcase> <!-- @AfterMethod tearDown -->
  <testcase classname="day38.openCartDemo" name="@BeforeMethod setup" time="-1.647884393374E9">
    <skipped/>
  </testcase> <!-- @BeforeMethod setup -->
  <testcase classname="day38.openCartDemo" name="@AfterMethod tearDown" time="-1.647884393382E9">
    <skipped/>
  </testcase> <!-- @AfterMethod tearDown -->
  <testcase classname="day38.openCartDemo" name="@BeforeMethod setup" time="-1.647884393385E9">
    <skipped/>
  </testcase> <!-- @BeforeMethod setup -->
  <testcase classname="day38.openCartDemo" name="@AfterMethod tearDown" time="-1.647884393392E9">
    <skipped/>
  </testcase> <!-- @AfterMethod tearDown -->
  <testcase classname="day38.openCartDemo" name="@BeforeMethod setup" time="-1.647884393395E9">
    <skipped/>
  </testcase> <!-- @BeforeMethod setup -->
  <testcase classname="day38.openCartDemo" name="@AfterMethod tearDown" time="-1.647884393403E9">
    <skipped/>
  </testcase> <!-- @AfterMethod tearDown -->
  <testcase classname="day38.openCartDemo" name="Login" time="1.204"/>
  <testcase classname="day38.openCartDemo" name="Login" time="0.962">
    <failure type="java.lang.AssertionError" message="title are not match expected [My Account] but found [Account Login]">
      <![CDATA[java.lang.AssertionError: title are not match expected [My Account] but found [Account Login]
at day38.openCartDemo.Login(openCartDemo.java:66)
at java.base/java.util.ArrayList.forEach(ArrayList.java:1511)
at java.base/java.util.concurrent.FutureTask.run(FutureTask.java:264)
at java.base/java.util.concurrent.ThreadPoolExecutor.runWorker(ThreadPoolExecutor.java:1136)
at java.base/java.util.concurrent.ThreadPoolExecutor$Worker.run(ThreadPoolExecutor.java:635)
at java.base/java.lang.Thread.run(Thread.java:833)
... Removed 23 stack frames]]>
    </failure>
  </testcase> <!-- Login -->
  <testcase classname="day38.openCartDemo" name="Login" time="0.934">
    <failure type="java.lang.AssertionError" message="title are not match expected [My Account] but found [Account Login]">
      <![CDATA[java.lang.AssertionError: title are not match expected [My Account] but found [Account Login]
at day38.openCartDemo.Login(openCartDemo.java:66)
at java.base/java.util.ArrayList.forEach(ArrayList.java:1511)
at java.base/java.util.concurrent.FutureTask.run(FutureTask.java:264)
at java.base/java.util.concurrent.ThreadPoolExecutor.runWorker(ThreadPoolExecutor.java:1136)
at java.base/java.util.concurrent.ThreadPoolExecutor$Worker.run(ThreadPoolExecutor.java:635)
at java.base/java.lang.Thread.run(Thread.java:833)
... Removed 23 stack frames]]>
    </failure>
  </testcase> <!-- Login -->
  <testcase classname="day38.openCartDemo" name="Login" time="1.041">
    <failure type="java.lang.AssertionError" message="title are not match expected [My Account] but found [Account Login]">
      <![CDATA[java.lang.AssertionError: title are not match expected [My Account] but found [Account Login]
at day38.openCartDemo.Login(openCartDemo.java:66)
at java.base/java.util.ArrayList.forEach(ArrayList.java:1511)
at java.base/java.util.concurrent.FutureTask.run(FutureTask.java:264)
at java.base/java.util.concurrent.ThreadPoolExecutor.runWorker(ThreadPoolExecutor.java:1136)
at java.base/java.util.concurrent.ThreadPoolExecutor$Worker.run(ThreadPoolExecutor.java:635)
at java.base/java.lang.Thread.run(Thread.java:833)
... Removed 23 stack frames]]>
    </failure>
  </testcase> <!-- Login -->
</testsuite> <!-- OpenCartTest1 -->
