<?xml version="1.0" encoding="UTF-8"?>
<!-- Generated by org.testng.reporters.JUnitXMLReporter -->
<testsuite ignored="0" hostname="Milans-MBP.ht.home" failures="2" tests="4" name="OpenCartTest2" time="15.477" errors="0" timestamp="2022-03-21T13:44:20 EDT">
  <testcase classname="day38.openCartDemo" name="@AfterMethod tearDown" time="0.061">
    <failure type="org.openqa.selenium.NoSuchSessionException" message="Build info: version: &amp;apos;4.1.0&amp;apos;, revision: &amp;apos;87802e897b&amp;apos;
System info: host: &amp;apos;Milans-MBP.ht.home&amp;apos;, ip: &amp;apos;2607:9880:2c90:7f:0:0:0:81b5%en0&amp;apos;, os.name: &amp;apos;Mac OS X&amp;apos;, os.arch: &amp;apos;x86_64&amp;apos;, os.version: &amp;apos;12.1&amp;apos;, java.version: &amp;apos;17.0.1&amp;apos;
Driver info: org.openqa.selenium.safari.SafariDriver
Command: [E9A53053-10DB-4E72-80F4-AE581FEEE879, quit {}]
Capabilities {acceptInsecureCerts: false, browserName: Safari, browserVersion: 15.2, javascriptEnabled: true, platform: MAC, platformName: MAC, safari:automaticInspection: false, safari:automaticProfiling: false, safari:diagnose: false, safari:platformBuildVersion: 21C52, safari:platformVersion: 12.1, safari:useSimulator: false, setWindowRect: true, strictFileInteractability: false, webkit:WebRTC: {DisableICECandidateFiltering: false, DisableInsecureMediaCapture: false}}
Session ID: E9A53053-10DB-4E72-80F4-AE581FEEE879">
      <![CDATA[org.openqa.selenium.NoSuchSessionException: Build info: version: '4.1.0', revision: '87802e897b'
System info: host: 'Milans-MBP.ht.home', ip: '2607:9880:2c90:7f:0:0:0:81b5%en0', os.name: 'Mac OS X', os.arch: 'x86_64', os.version: '12.1', java.version: '17.0.1'
Driver info: org.openqa.selenium.safari.SafariDriver
Command: [E9A53053-10DB-4E72-80F4-AE581FEEE879, quit {}]
Capabilities {acceptInsecureCerts: false, browserName: Safari, browserVersion: 15.2, javascriptEnabled: true, platform: MAC, platformName: MAC, safari:automaticInspection: false, safari:automaticProfiling: false, safari:diagnose: false, safari:platformBuildVersion: 21C52, safari:platformVersion: 12.1, safari:useSimulator: false, setWindowRect: true, strictFileInteractability: false, webkit:WebRTC: {DisableICECandidateFiltering: false, DisableInsecureMediaCapture: false}}
Session ID: E9A53053-10DB-4E72-80F4-AE581FEEE879
at org.openqa.selenium.remote.codec.w3c.W3CHttpResponseCodec.createException(W3CHttpResponseCodec.java:200)
at org.openqa.selenium.remote.codec.w3c.W3CHttpResponseCodec.decode(W3CHttpResponseCodec.java:133)
at org.openqa.selenium.remote.codec.w3c.W3CHttpResponseCodec.decode(W3CHttpResponseCodec.java:53)
at org.openqa.selenium.remote.HttpCommandExecutor.execute(HttpCommandExecutor.java:184)
at org.openqa.selenium.remote.service.DriverCommandExecutor.invokeExecute(DriverCommandExecutor.java:164)
at org.openqa.selenium.remote.service.DriverCommandExecutor.lambda$execute$1(DriverCommandExecutor.java:102)
at java.base/java.util.concurrent.CompletableFuture$AsyncSupply.run(CompletableFuture.java:1768)
at java.base/java.util.concurrent.ThreadPoolExecutor.runWorker(ThreadPoolExecutor.java:1136)
at java.base/java.util.concurrent.ThreadPoolExecutor$Worker.run(ThreadPoolExecutor.java:635)
at java.base/java.lang.Thread.run(Thread.java:833)
... Removed 5 stack frames]]>
    </failure>
  </testcase> <!-- @AfterMethod tearDown -->
  <testcase classname="day38.openCartDemo" name="@BeforeMethod setup" time="-1.647884660076E9">
    <skipped/>
  </testcase> <!-- @BeforeMethod setup -->
  <testcase classname="day38.openCartDemo" name="@AfterMethod tearDown" time="-1.647884660084E9">
    <skipped/>
  </testcase> <!-- @AfterMethod tearDown -->
  <testcase classname="day38.openCartDemo" name="@BeforeMethod setup" time="-1.647884660086E9">
    <skipped/>
  </testcase> <!-- @BeforeMethod setup -->
  <testcase classname="day38.openCartDemo" name="@AfterMethod tearDown" time="-1.64788466009E9">
    <skipped/>
  </testcase> <!-- @AfterMethod tearDown -->
  <testcase classname="day38.openCartDemo" name="Login" time="0.329">
    <failure type="java.lang.AssertionError" message="title are not match expected [My Account] but found [Account Login]">
      <![CDATA[java.lang.AssertionError: title are not match expected [My Account] but found [Account Login]
at day38.openCartDemo.Login(openCartDemo.java:66)
at java.base/java.util.ArrayList.forEach(ArrayList.java:1511)
... Removed 32 stack frames]]>
    </failure>
  </testcase> <!-- Login -->
  <testcase classname="day38.openCartDemo" name="Login" time="0.015">
    <failure type="org.openqa.selenium.NoSuchSessionException" message="Build info: version: &amp;apos;4.1.0&amp;apos;, revision: &amp;apos;87802e897b&amp;apos;
System info: host: &amp;apos;Milans-MBP.ht.home&amp;apos;, ip: &amp;apos;2607:9880:2c90:7f:0:0:0:81b5%en0&amp;apos;, os.name: &amp;apos;Mac OS X&amp;apos;, os.arch: &amp;apos;x86_64&amp;apos;, os.version: &amp;apos;12.1&amp;apos;, java.version: &amp;apos;17.0.1&amp;apos;
Driver info: org.openqa.selenium.safari.SafariDriver
Command: [E9A53053-10DB-4E72-80F4-AE581FEEE879, findElement {using=xpath, value=//input[@id=&amp;apos;input-email&amp;apos;]}]
Capabilities {acceptInsecureCerts: false, browserName: Safari, browserVersion: 15.2, javascriptEnabled: true, platform: MAC, platformName: MAC, safari:automaticInspection: false, safari:automaticProfiling: false, safari:diagnose: false, safari:platformBuildVersion: 21C52, safari:platformVersion: 12.1, safari:useSimulator: false, setWindowRect: true, strictFileInteractability: false, webkit:WebRTC: {DisableICECandidateFiltering: false, DisableInsecureMediaCapture: false}}
Session ID: E9A53053-10DB-4E72-80F4-AE581FEEE879">
      <![CDATA[org.openqa.selenium.NoSuchSessionException: Build info: version: '4.1.0', revision: '87802e897b'
System info: host: 'Milans-MBP.ht.home', ip: '2607:9880:2c90:7f:0:0:0:81b5%en0', os.name: 'Mac OS X', os.arch: 'x86_64', os.version: '12.1', java.version: '17.0.1'
Driver info: org.openqa.selenium.safari.SafariDriver
Command: [E9A53053-10DB-4E72-80F4-AE581FEEE879, findElement {using=xpath, value=//input[@id='input-email']}]
Capabilities {acceptInsecureCerts: false, browserName: Safari, browserVersion: 15.2, javascriptEnabled: true, platform: MAC, platformName: MAC, safari:automaticInspection: false, safari:automaticProfiling: false, safari:diagnose: false, safari:platformBuildVersion: 21C52, safari:platformVersion: 12.1, safari:useSimulator: false, setWindowRect: true, strictFileInteractability: false, webkit:WebRTC: {DisableICECandidateFiltering: false, DisableInsecureMediaCapture: false}}
Session ID: E9A53053-10DB-4E72-80F4-AE581FEEE879
at org.openqa.selenium.remote.codec.w3c.W3CHttpResponseCodec.createException(W3CHttpResponseCodec.java:200)
at org.openqa.selenium.remote.codec.w3c.W3CHttpResponseCodec.decode(W3CHttpResponseCodec.java:133)
at org.openqa.selenium.remote.codec.w3c.W3CHttpResponseCodec.decode(W3CHttpResponseCodec.java:53)
at org.openqa.selenium.remote.HttpCommandExecutor.execute(HttpCommandExecutor.java:184)
at org.openqa.selenium.remote.service.DriverCommandExecutor.invokeExecute(DriverCommandExecutor.java:164)
at org.openqa.selenium.remote.service.DriverCommandExecutor.execute(DriverCommandExecutor.java:139)
at org.openqa.selenium.remote.RemoteWebDriver.execute(RemoteWebDriver.java:559)
at org.openqa.selenium.remote.ElementLocation$ElementFinder$2.findElement(ElementLocation.java:162)
at org.openqa.selenium.remote.ElementLocation.findElement(ElementLocation.java:60)
at org.openqa.selenium.remote.RemoteWebDriver.findElement(RemoteWebDriver.java:383)
at org.openqa.selenium.remote.RemoteWebDriver.findElement(RemoteWebDriver.java:375)
at day38.openCartDemo.Login(openCartDemo.java:61)
at java.base/java.util.ArrayList.forEach(ArrayList.java:1511)
... Removed 32 stack frames]]>
    </failure>
  </testcase> <!-- Login -->
  <testcase classname="day38.openCartDemo" name="Login" time="0.0">
    <skipped/>
  </testcase> <!-- Login -->
  <testcase classname="day38.openCartDemo" name="Login" time="0.0">
    <skipped/>
  </testcase> <!-- Login -->
</testsuite> <!-- OpenCartTest2 -->
